Unity Player [version: Unity 4.2.1f4_4d30acc925c2]

test21.exe caused an Access Violation (0xc0000005)
  in module test21.exe at 0023:011c512c.

Error occurred at 2013-11-07_145308.
C:\Users\Sasstraliss\Documents\NetworkTest\test21.exe, run by Sasstraliss.
72% memory in use.
0 MB physical memory [0 MB free].
0 MB paging file [1631 MB free].
0 MB user address space [94 MB free].
Write to location 00000040 caused an access violation.

Context:
EDI:    0x00000001  ESI: 0x0989e820  EAX:   0x00000000
EBX:    0x0340f348  ECX: 0x0989e7e8  EDX:   0x00000001
EIP:    0x011c512c  EBP: 0x003ae764  SegCs: 0x00000023
EFlags: 0x00010207  ESP: 0x003ae758  SegSs: 0x0000002b

Bytes at CS:EIP:
89 48 40 8b 4d 0c 89 48 44 b9 10 00 00 00 8b f8 

Stack:
0x003ae758: 0989e804 02ee0854 003aec08 003aeba0 ....T.....:...:.
0x003ae768: 011178bc 0989e804 00000000 0340f348 .x..........H.@.
0x003ae778: 0989e820 00000001 00037ece ce00195b  ........~..[...
0x003ae788: 00000017 0000002f 00143cee ce00195b ..../....<..[...
0x003ae798: 00000012 00000028 003af66c 003aee74 ....(...l.:.t.:.
0x003ae7a8: 00000000 3f3c8b28 bf2d2b22 410b96ae ....(.<?"+-....A
0x003ae7b8: 01010101 00000101 00010000 00000100 ................
0x003ae7c8: 00000004 003aeb98 01115ba9 0343ac8c ......:..[....C.
0x003ae7d8: 02ee0288 41ab9d2d 3f800000 003aeb98 ....-..A...?..:.
0x003ae7e8: 01115f82 3f89055d 003ae8a8 80000000 ._..]..?..:.....
0x003ae7f8: 00000001 003aefdc 00000002 00000000 ......:.........
0x003ae808: 3f3c8b28 bf2d2b22 c15ebcde 3f800000 (.<?"+-...^....?
0x003ae818: acacef31 382cef32 41862c2c bf800000 1...2.,8,,.A....
0x003ae828: acac1f05 382c1f06 411f19b1 80000000 ......,8...A....
0x003ae838: 33fffffe bf800000 bdc8f52d 00000000 ...3....-.......
0x003ae848: 00000000 00000000 00000000 00000000 ................
0x003ae858: 00000000 00000000 3e080000 00000000 ...........>....
0x003ae868: 00000000 00000000 3ca3c393 00000000 ...........<....
0x003ae878: 00000000 00000000 00000000 00000000 ................
0x003ae888: 00000000 00000000 3f000000 00000000 ...........?....
0x003ae898: 00000000 00000000 00000000 00000004 ................
0x003ae8a8: 80000000 b3fffffe 3f800000 4187e5cb ...........?...A
0x003ae8b8: 00000000 00000000 00000000 00000000 ................
0x003ae8c8: 00000000 00000000 00000000 011186e3 ................
0x003ae8d8: 00000000 00000000 00000000 011186e3 ................
0x003ae8e8: 00000000 00000000 00000000 3f800000 ...............?
0x003ae8f8: 00000000 00000000 00000000 00000000 ................
0x003ae908: 00000000 00000000 00000000 00000000 ................
0x003ae918: 00000000 00000000 00000000 c05a7d60 ............`}Z.
0x003ae928: 00000000 00000000 00000000 3f4511a3 ..............E?
0x003ae938: 00000000 00000000 00000000 00000000 ................
0x003ae948: 00000001 00000000 00000000 00000000 ................
0x003ae958: 00000000 00000000 00000000 00000000 ................
0x003ae968: 00000000 00000000 00000000 00000000 ................
0x003ae978: bfc147ae 00000000 00000000 00000000 .G..............
0x003ae988: 42480a3d 00000000 00000000 00000000 =.HB............
0x003ae998: 00000000 00000000 00000000 00000000 ................
0x003ae9a8: 00000000 00000000 3f800000 3f800000 ...........?...?
0x003ae9b8: 3f800000 3f800000 3df019da 80000000 ...?...?...=....
0x003ae9c8: 00000000 00000000 00000000 bdf019da ................
0x003ae9d8: 00000000 00000000 00000000 00000000 ................
0x003ae9e8: 00000000 00000000 003aeaf0 012154af ..........:..T!.
0x003ae9f8: 00000000 c44070ec 003aeafc 012154af .....p@...:..T!.
0x003aea08: 003aeae0 003aea60 003aeaa0 003aea40 ..:.`.:...:.@.:.
0x003aea18: 003aeac0 003aea80 003aea90 003aea70 ..:...:...:.p.:.
0x003aea28: 003aea50 003aea30 3ecbffff bfc67ffc P.:.0.:....>....
0x003aea38: 3f64daad 3f800000 3f800000 00000000 ..d?...?...?....
0x003aea48: 00000000 00000000 00000000 bdf019d8 ................
0x003aea58: b19e7695 00000000 3f800000 3f800000 .v.........?...?
0x003aea68: 3f800000 3f800000 3f000000 00000000 ...?...?...?....
0x003aea78: 00000000 00000000 00000000 3f800000 ...............?
0x003aea88: 00000000 00000000 00000000 00000000 ................
0x003aea98: 00000000 00000000 00000000 00000000 ................
0x003aeaa8: 3f800000 003aeacc 013f1495 00000000 ...?..:...?.....
0x003aeab8: 04b7aa00 0018551c 00185518 00185520 .....U...U.. U..
0x003aeac8: 0018551c 003aeba0 00000353 01117726 .U....:.S...&w..
0x003aead8: 003af440 00000000 3f800000 00000000 @.:........?....
0x003aeae8: 00000000 00000000 00000000 3f800000 ...............?
0x003aeaf8: 00000000 00000000 00000000 00000000 ................
0x003aeb08: 3f800000 00000000 00000000 00000000 ...?............
0x003aeb18: 00000000 3f800000 3f800000 00000000 .......?...?....
0x003aeb28: 00000000 00000000 00000000 b3fffffc ................
0x003aeb38: 3f7ffffe 00000000 00000000 3f7ffffe ...?...........?
0x003aeb48: 33fffffc 00000000 4059822b 4153a4eb ...3....+.Y@..SA
0x003aeb58: c1c2b4b2 3f800000 00000000 00000034 .......?....4...
0x003aeb68: 00000001 00000080 0340f348 00000001 ........H.@.....
0x003aeb78: 04b7aa00 00034000 ce00195b 00034000 .....@..[....@..
0x003aeb88: ce00195b 00000000 0000007e 003ae78c [.......~.....:.
0x003aeb98: 0340f348 00000002 003af2ec 0111958b H.@.......:.....
0x003aeba8: 00000000 003af290 003af270 003af440 ......:.p.:.@.:.
0x003aebb8: 003af800 098a1e80 098a1e80 00000001 ..:.............
0x003aebc8: 3f800000 00000000 00000000 00000000 ...?............
0x003aebd8: 00000000 b4000000 3f800001 00000000 ...........?....
0x003aebe8: 00000000 bf800001 b4000000 00000000 ................
0x003aebf8: c059822b 41c2b4b5 c153a4ea 3f800000 +.Y....A..S....?
0x003aec08: 3f800000 00000000 00000000 00000000 ...?............
0x003aec18: 00000000 b3fffffc 3f7ffffe 00000000 ...........?....
0x003aec28: 00000000 3f7ffffe 33fffffc 00000000 .......?...3....
0x003aec38: 4059822b 4153a4eb c1c2b4b2 3f800000 +.Y@..SA.......?
0x003aec48: 3df019da 00000000 00000000 00000000 ...=............
0x003aec58: 00000000 3df019da 00000000 00000000 .......=........
0x003aec68: 00000000 00000000 bd9e7697 00000000 .........v......
0x003aec78: 80000000 80000000 bf8c30c3 3f800000 .........0.....?
0x003aec88: 3df019da 00000000 00000000 00000000 ...=............
0x003aec98: 00000000 b27019d6 bd9e7696 00000000 ......p..v......
0x003aeca8: 00000000 3df019d8 b21e7695 00000000 .......=.v......
0x003aecb8: 3ecbffff 3fc67ffc 3f49b55a 3f800000 ...>...?Z.I?...?
0x003aecc8: 3d7019da 00000000 00000000 00000000 ..p=............
0x003aecd8: 00000000 b1f019d6 bd1e7696 00000000 .........v......
0x003aece8: 00000000 3d7019d8 b19e7695 00000000 ......p=.v......
0x003aecf8: 3f330000 3fa33ffe 3f64daad 3f800000 ..3?.?.?..d?...?
0x003aed08: c05a7d60 41928c6e c153ea6e 410879d5 `}Z.n..An.S..y.A
0x003aed18: 3e99999a 418ad63a 3f9d8d23 41d8a211 ...>:..A#..?...A
0x003aed28: 00000001 3f800000 00000000 00000000 .......?........
0x003aed38: 00000000 00000000 b4000000 3f800001 ...............?
0x003aed48: 00000000 00000000 bf800001 b4000000 ................
0x003aed58: 00000000 c0549942 41c2b4b4 bfc817ac ....B.T....A....
0x003aed68: 3f800000 3f800000 00000000 00000000 ...?...?........
0x003aed78: 00000000 00000000 b3fffffc 3f7ffffe ...............?
0x003aed88: 00000000 00000000 3f7ffffe 33fffffc ...........?...3
0x003aed98: 00000000 40549942 3fc817c3 c1c2b4b2 ....B.T@...?....
0x003aeda8: 3f800000 3d23c393 00000000 00000000 ...?..#=........
0x003aedb8: 00000000 00000000 3d23c393 00000000 ..........#=....
0x003aedc8: 00000000 00000000 00000000 bd9e7697 .............v..
0x003aedd8: 00000000 80000000 80000000 bf8c30c3 .............0..
0x003aede8: 3f800000 3d23c393 00000000 00000000 ...?..#=........
0x003aedf8: 00000000 00000000 b1a3c390 bd9e7696 .............v..
0x003aee08: 00000000 00000000 3d23c392 b21e7695 ..........#=.v..
0x003aee18: 00000000 3e080000 3d7ffffc 3f49b55a .......>...=Z.I?
0x003aee28: 3f800000 3ca3c393 00000000 00000000 ...?...<........
0x003aee38: 00000000 00000000 b123c390 bd1e7696 ..........#..v..
0x003aee48: 00000000 00000000 3ca3c392 b19e7695 ...........<.v..
0x003aee58: 00000000 3f110000 3f080000 3f64daad .......?...?..d?
0x003aee68: 3f800000 c05a7d60 40b5949c bfd0d9bf ...?`}Z....@....
0x003aee78: 41c817c6 410dd5b6 42200000 3f9d8d23 ...A...A.. B#..?
0x003aee88: 41d8a211 00000000 00000000 00000000 ...A............
0x003aee98: 00000000 3f800000 3f800000 00000000 .......?...?....
0x003aeea8: 00000000 00000000 00000000 3f800000 ...............?
0x003aeeb8: 00000000 00000000 00000000 00000000 ................
0x003aeec8: 3f800000 00000000 00000000 00000000 ...?............
0x003aeed8: 00000000 3f800000 3f800000 00000000 .......?...?....
0x003aeee8: 00000000 011c14fc 00000000 011c14fc ................
0x003aeef8: 003af690 003af55c 003aeff4 00000000 ..:.\.:...:.....
0x003aef08: 00000000 00000000 00000000 ffc51111 ................
0x003aef18: 00000000 00000003 003af6b4 003aeef3 ..........:...:.
0x003aef28: 003af5cc 011c1fa4 c0fff0b5 3df9c232 ..:.........2..=
0x003aef38: 41d2b086 003af5cc 011c2014 3d182740 ...A..:.. ..@'.=
0x003aef48: 003af5b8 41c965b2 0989dd00 0989dc7c ..:..e.A....|...
0x003aef58: 42179447 420c2382 c09f45c5 421af328 G..B.#.B.E..(..B
0x003aef68: c1a000a5 c17624b5 418172d8 c1eee1f6 .....$v..r.A....
0x003aef78: 420bbbed 41756a2c 41c965b2 42355c61 ...B,juA.e.Aa\5B
0x003aef88: 418172d8 c1eee1f6 420bbbed 421af328 .r.A.......B(..B
0x003aef98: c1a000a5 c17624b5 c1192247 40a13f76 .....$v.G"..v?.@
0x003aefa8: bf73d4c0 421af328 c1a000a5 c17624b5 ..s.(..B.....$v.
0x003aefb8: 42179447 420c2382 c09f45c5 c1192247 G..B.#.B.E..G"..
0x003aefc8: 40a13f76 bf73d4c0 00000000 00000000 v?.@..s.........
0x003aefd8: 00000000 41756a2c 41c965b2 42355c61 ....,juA.e.Aa\5B
0x003aefe8: c1192247 40a13f76 bf73d4c0 41756a2c G"..v?.@..s.,juA
0x003aeff8: 41c965b2 42355c61 418172d8 c1eee1f6 .e.Aa\5B.r.A....
0x003af008: 420bbbed c1192247 40a13f76 bf73d4c0 ...BG"..v?.@..s.
0x003af018: 00000000 00000000 00000000 00000000 ................
0x003af028: 00000000 00000000 00000000 00000000 ................
0x003af038: 00000000 00000000 00000000 00000000 ................
0x003af048: 00000000 00000000 00000000 00000000 ................
0x003af058: 00000000 00000000 00000000 00000000 ................
0x003af068: 00000000 00000000 00000000 00000000 ................
0x003af078: 00000000 00000000 00000000 00000000 ................
0x003af088: 00000000 00000000 00000000 00000000 ................
0x003af098: 00000000 00000000 00000000 00000000 ................
0x003af0a8: 00000000 00000000 00000000 00000000 ................
0x003af0b8: 00000000 00000000 00000000 00000000 ................
0x003af0c8: 00000000 00000000 00000000 00000000 ................
0x003af0d8: 00000000 00000000 00000000 00000000 ................
0x003af0e8: 00000000 00000000 00000000 00000000 ................
0x003af0f8: 00000000 00000000 00000000 00000000 ................
0x003af108: 00000000 00000000 00000000 00000000 ................
0x003af118: 00000000 00000000 00000000 00000000 ................
0x003af128: 00000000 00000000 00000000 00000000 ................
0x003af138: 00000000 00000000 00000000 00000000 ................
0x003af148: 00000000 00000000 00000000 018394f0 ................
0x003af158: 033ec824 00000000 00000000 00000000 $.>.............
0x003af168: 00000001 00000000 00000000 00000000 ................
0x003af178: 00000000 00000000 00000000 00000000 ................
0x003af188: 00000000 00000000 00000000 00000000 ................
0x003af198: 040e0e20 00000000 00000000 00000000  ...............
0x003af1a8: 00000000 00000000 00000000 00000000 ................
0x003af1b8: 00000000 00000000 00000004 00000000 ................
0x003af1c8: 00000000 00000000 00000000 00000000 ................
0x003af1d8: 00000000 00000000 00000000 00000000 ................
0x003af1e8: 00000001 3f000000 00000000 00000000 .......?........
0x003af1f8: 00000000 00000000 3f800000 00000000 ...........?....
0x003af208: 00000000 00000000 00000000 3f800000 ...............?
0x003af218: 00000000 00000000 00000000 00000000 ................
0x003af228: 3f800000 00000000 bf800001 b4000000 ...?............
0x003af238: 3f3504f4 00000000 00000000 3f3504f4 ..5?..........5?
0x003af248: c2480000 bfc00000 c2480000 42480000 ..H.......H...HB
0x003af258: 41b8dbe7 42480000 00000000 40a00000 ...A..HB.......@
0x003af268: 00000000 bf800000 02ee0564 02ee08b4 ........d.......
0x003af278: 02ee0964 00000000 3f800000 3f800000 d..........?...?
0x003af288: 3f800000 3f800000 02ee0058 02ee029c ...?...?X.......
0x003af298: 02ee0558 00000000 04b7aa00 00000200 X...............
0x003af2a8: 00000200 0343a1f4 00000000 00000000 ......C.........
0x003af2b8: 00000000 3f800000 00000000 00000000 .......?........
0x003af2c8: 3f800001 00000000 00000000 00000002 ...?............
0x003af2d8: 00000000 00000000 00000001 003af310 ..............:.
0x003af2e8: 008a1e80 003af414 010eb444 003af440 ......:.D...@.:.
0x003af2f8: 0989e020 098a1e01 098a1e80 003af310  .............:.
0x003af308: 0989dfd0 0989e020 3cf019da 00000000 .... ......<....
0x003af318: 00000000 00000000 00000000 b1f019d6 ................
0x003af328: bd1e7696 00000000 00000000 3d7019d8 .v............p=
0x003af338: b19e7695 00000000 3eb30000 3fa33ffe .v.........>.?.?
0x003af348: 3f64daad 3f800000 3ca3c393 00000000 ..d?...?...<....
0x003af358: 00000000 00000000 00000000 b123c390 ..............#.
0x003af368: bd1e7696 00000000 00000000 3ca3c392 .v.............<
0x003af378: b19e7695 00000000 3f110000 3f080000 .v.........?...?
0x003af388: 3f64daad 3f800000 00000000 00000000 ..d?...?........
0x003af398: 00000000 00000000 00000000 00000000 ................
0x003af3a8: 00000000 00000000 00000000 00000000 ................
0x003af3b8: 00000000 00000000 00000000 00000000 ................
0x003af3c8: 00000000 00000000 00000000 00000000 ................
0x003af3d8: 00000000 00000000 00000000 00000000 ................
0x003af3e8: 00000000 00000000 00000000 00000000 ................
0x003af3f8: 00000000 00000000 00000000 00000000 ................
0x003af408: 00000000 00000000 0989dfd0 003af8bc ..............:.
0x003af418: 010eb5ff 003af440 098a1e01 003af790 ....@.:.......:.
0x003af428: 0989e020 003af800 0343a000 0989dfd0  .....:...C.....
0x003af438: 00000000 00000000 0989d9b4 3f4511a3 ..............E?
0x003af448: 00000000 00000000 00000000 33a652a9 .............R.3
0x003af458: 3ec7f51b 3ed9b62a b2c2e08d 40b6051c ...>*..>.......@
0x003af468: c2256767 42000e62 bfd544e2 c0b62114 gg%.b..B.D...!..
0x003af478: 42228ea5 c1fadac6 3fd565a8 3fa646e1 .."B.....e.?.F.?
0x003af488: 00000000 00000000 00000000 00000000 ................
0x003af498: 3f95f7e3 bf3ca821 bf3c8b28 00000000 ...?!.<.(.<.....
0x003af4a8: 3fa34895 3f2d45be 3f2d2b22 408de9cb .H.?.E-?"+-?...@
0x003af4b8: c09223b7 41f58df0 41fa34a9 3fa646e1 .#.....A.4.A.F.?
0x003af4c8: 00000000 00000000 00000000 00000000 ................
0x003af4d8: 3f95f7e3 bf3ca821 bf3c8b28 00000000 ...?!.<.(.<.....
0x003af4e8: 3fa34895 3f2d45be 3f2d2b22 408de9cb .H.?.E-?"+-?...@
0x003af4f8: c09223b7 41f58df0 41fa34a9 c05a7d60 .#.....A.4.A`}Z.
0x003af508: 41c68b64 c199b6b6 80000000 bf3c8b28 d..A........(.<.
0x003af518: 3f2d2b22 44480000 44160000 00000000 "+-?..HD...D....
0x003af528: 00000000 00000000 00000000 00000000 ................
0x003af538: 00000000 00000000 00000000 00000000 ................
0x003af548: 00000000 00000000 00000000 00000000 ................
0x003af558: 00000000 00000000 00000000 00000000 ................
0x003af568: 00000000 00000000 00000000 00000000 ................
0x003af578: 00000000 00000000 00000000 00000000 ................
0x003af588: 00000000 00000000 00000000 00000000 ................
0x003af598: 00000000 00000000 00000000 3ecbe000 ...............>
0x003af5a8: c1fa34a9 3f4adb1b bee60561 3ed3437a .4....J?a...zC.>
0x003af5b8: 41ae4400 bf4adb1b bee60561 3ed3437a .D.A..J.a...zC.>
0x003af5c8: 4182fb84 00000000 3e5ec93c 3f79de26 ...A....<.^>&.y?
0x003af5d8: 4155abbb 00000000 bf743d77 be996608 ..UA....w=t..f..
0x003af5e8: 418f5ecb 80000000 bf3c8b28 3f2d2b22 .^.A....(.<."+-?
0x003af5f8: 41f7ce43 00000000 3f3c8b28 bf2d2b22 C..A....(.<?"+-.
0x003af608: 44722e5b 3f4adb1b bee60561 3ed3437a [.rD..J?a...zC.>
0x003af618: 41ae4400 bf4adb1b bee60561 3ed3437a .D.A..J.a...zC.>
0x003af628: 4182fb84 00000000 3e5ec93c 3f79de26 ...A....<.^>&.y?
0x003af638: 4155abbb 00000000 bf743d77 be996608 ..UA....w=t..f..
0x003af648: 418f5ecb 80000000 bf3c8b28 3f2d2b22 .^.A....(.<."+-?
0x003af658: 41f7ce43 00000000 3f3c8b28 bf2d2b22 C..A....(.<?"+-.
0x003af668: 410b96ae c05a7d60 4187b257 c13ffb56 ...A`}Z.W..AV.?.
0x003af678: 41eaaaaa 44571c71 00000001 42200000 ...Aq.WD...... B
0x003af688: 3e99999a 447a0000 3d23d70a 00000000 ...>..zD..#=....
0x003af698: ba51b700 00000000 3ece2b2e bc7676b0 ..Q......+.>.vv.
0x003af6a8: 00000000 0000000f 3e343e79 00000002 ........y>4>....
0x003af6b8: 3e99999a 41588889 42200000 42300000 ...>..XA.. B..0B
0x003af6c8: 4241999a 00000000 3eaaaaab 3f800000 ..AB.......>...?
0x003af6d8: 3f8ccccd 3f9ae148 c05a7d60 41928c6e ...?H..?`}Z.n..A
0x003af6e8: c153ea6e 42918359 c05a7d60 40b5949c n.S.Y..B`}Z....@
0x003af6f8: bfd0d9bf 441c6528 00000000 00000000 ....(e.D........
0x003af708: 00000000 ff800000 00000000 00000000 ................
0x003af718: 00000000 ff800000 00000002 00000024 ............$...
0x003af728: 003af74c 3f5ad421 3ddf4a9f bf01e36b L.:.!.Z?.J.=k...
0x003af738: 41a41d5f 3e47c7d0 be37a618 3f76d8e4 _..A..G>..7...v?
0x003af748: 4244eca9 3f033b7a 3f45071e 3ec2e026 ..DBz;.?..E?&..>
0x003af758: 4214ac24 3f098a9b bf57074f 3d9c2b2f $..B...?O.W./+.=
0x003af768: 42024f35 3f6a4bdf bd7b1126 3ecbe95d 5O.B.Kj?&.{.]..>
0x003af778: 42733180 bf6a4deb 3d7b0a58 becbe00f .1sB.Mj.X.{=....
0x003af788: c1a5d6bc 03439d74 03439dfc 03439e84 ....t.C...C...C.
0x003af798: 00000023 003af7b8 010e9bdd 03000400 #.....:.........
0x003af7a8: 00000007 0989dfd0 00000050 03439e5c ........P...\.C.
0x003af7b8: 03439ffc 0343a084 0343a104 0000004d ..C...C...C.M...
0x003af7c8: 003af7e4 010e9bdd 00000119 00000000 ..:.............
0x003af7d8: 00000207 00000258 0343a0dc 003af838 ....X.....C.8.:.
0x003af7e8: 010e9e6e 03439ffc 03439fd4 0343a064 n.....C...C.d.C.
0x003af7f8: 0343a0f4 00000003 003af81c 010e9bdd ..C.......:.....
0x003af808: 02000501 00000040 03439fd4 03439fd4 ....@.....C...C.
0x003af818: 0343a0f4 003af838 010e9e85 03439f00 ..C.8.:.......C.
0x003af828: 0343a064 0343a0f4 0343a0fc 0343a024 d.C...C...C.$.C.
0x003af838: 0343a01c 0343a03c 00000044 003af86c ..C.<.C.D...l.:.
0x003af848: 010e9f32 02000501 00000049 0343a044 2.......I...D.C.
0x003af858: 03439fd4 00000025 0343a0bc 0343a0b4 ..C.%.....C...C.
0x003af868: 0343a0f4 00000016 003af898 010e9f32 ..C.......:.2...
0x003af878: 02000501 0000000a 0343a0fc 033b0dac ..........C...;.
0x003af888: 00000025 00000016 02000501 0343a0f4 %.............C.
0x003af898: 003af800 00000000 0343a000 033f1080 ..:.......C...?.
0x003af8a8: 0989dfd0 00000000 0989dfd0 04b7aa00 ................
0x003af8b8: 0989dfd0 003af948 010ec6d1 098a1e80 ....H.:.........
0x003af8c8: 00000000 0189dc7c 00000000 00000000 ....|...........
0x003af8d8: 00000001 0989dc08 0989def0 00000000 ................
0x003af8e8: 3e4ccccd 3e4ccccd 3e4ccccd 3f800000 ..L>..L>..L>...?
0x003af8f8: 0343bac8 003af98c 0989e020 00000000 ..C...:. .......
0x003af908: 03454030 033b61d8 ffffff01 00000002 0@E..a;.........
0x003af918: 00000001 42200000 033d5700 098a1cac ...... B.W=.....
0x003af928: 098a1e80 00000004 00000052 0343bac8 ........R.....C.
0x003af938: 0342466c 003af900 011f1600 01010001 lFB...:.........
0x003af948: 003af9ec 010f2ec6 0989dfd0 0989dc08 ..:.............
0x003af958: 003fe248 00000001 00000000 00000000 H.?.............
0x003af968: 00000000 00000001 00000002 0989d9b4 ................
0x003af978: 00000000 00000000 03390e58 252bb03c ........X.9.<.+%
0x003af988: 252bc994 0000275e bf3c8b00 033b61d8 ..+%^'....<..a;.
0x003af998: 10f03b74 00000000 c0000000 00000001 t;..............
0x003af9a8: 09808734 000000ff 00000000 00000028 4...........(...
0x003af9b8: 00000015 003af98c 00000000 03454030 ......:.....0@E.
0x003af9c8: 00000000 0989d9b4 00000000 0989d900 ................
0x003af9d8: 42644a7d c5b9706e 10f03b74 00000001 }JdBnp..t;......
0x003af9e8: 00000000 003afa3c 010f7fe8 0989dc08 ....<.:.........
0x003af9f8: 00000001 09801d80 00000000 00000000 ................
0x003afa08: 003afa14 00000000 0989d9b4 0124b200 ..:...........$.
0x003afa18: 00000000 010f4ef4 033ba4dc 00000000 .....N....;.....
0x003afa28: 0000000f 00000320 00000000 00000000 .... ...........
0x003afa38: 00000000 003afa88 010f91f4 00000000 ......:.........
0x003afa48: 0989d900 00000000 0989dabc 033ba4dc ..............;.
0x003afa58: 033b0ca8 0989d9b4 00000000 00000000 ..;.............
0x003afa68: 00000000 00000000 00000000 00000000 ................
0x003afa78: c05a7d60 41c68b64 c199b6b6 0989d900 `}Z.d..A........
0x003afa88: 003afae4 01111076 00000002 0989dabc ..:.v...........
0x003afa98: 436deec7 04b7aa00 0000016d 00000000 ..mC....m.......
0x003afaa8: 033d5d00 003afacc 013fa5cc 000003b4 .]=...:...?.....
0x003afab8: 00000000 0000000f 00000000 03390e58 ............X.9.
0x003afac8: 252b927c 252bc994 03390e58 252bc994 |.+%..+%X.9...+%
0x003afad8: 252bc994 00002a5c 033b0c14 003afaf0 ..+%\*....;...:.
0x003afae8: 01247db5 7c39c66d 003afbb0 0124839b .}$.m.9|..:...$.
0x003afaf8: 00000000 77235f74 00000000 00000000 ....t_#w........
0x003afb08: 018394f0 033ec538 00000000 00000000 ....8.>.........
0x003afb18: 00000000 00000101 00000000 00000000 ................
0x003afb28: 00000001 00000000 00000000 00000000 ................
0x003afb38: 00000000 00000000 00000000 00000000 ................
0x003afb48: 00000000 003afb24 003afb28 00000000 ....$.:.(.:.....
0x003afb58: 00000000 00000000 00000000 00000000 ................
0x003afb68: 00000000 00000000 00000000 00000001 ................
0x003afb78: 00000001 00000000 00000000 00000000 ................
0x003afb88: 00000000 00000000 00000000 00000000 ................
0x003afb98: 00000000 00000002 00000001 3f800000 ...............?
0x003afba8: 04b7aa00 0100fbbc 003afbec 012dea6d ..........:.m.-.
0x003afbb8: 00000000 00000001 00000000 00000010 ................
0x003afbc8: 00000001 009513a4 000000ff 00000001 ................
0x003afbd8: 35d62d09 1b222fa5 00000284 00000166 .-.5./".....f...
0x003afbe8: 0000061c 003afd04 012e01db 00000000 ......:.........
0x003afbf8: 00000000 fffde000 0339151c 77c825df ..........9..%.w
0x003afc08: 003afb9c 00000400 0000002a 0000002f ..:.....*.../...
0x003afc18: 1b0e54cb 03391d00 77c6e38c 77c6e0f2 .T....9....w...w
0x003afc28: 01a25178 00000000 0000000f 77c5faea xQ.............w
0x003afc38: 6f6e6f00 6374652f 620f0900 77c8107b .ono/etc...b{..w
0x003afc48: 00000000 0000000f 0000000f 03391d84 ..............9.
0x003afc58: 03391dbc 03391dbc 00000000 033914c8 ..9...9.......9.
0x003afc68: 030407d0 00000000 00000000 00000036 ............6...
0x003afc78: 0000003f 620f0a52 00ef3264 033915c4 ?...R..bd2....9.
0x003afc88: 00000004 003afbc4 77c5faea 00000045 ......:....wE...
0x003afc98: 0000004f 49656e69 03391e00 00000000 O...ineI..9.....
0x003afca8: 00000000 01810e3c 00000000 0000000f ....<...........
0x003afcb8: 003afce8 00000000 616e614d 00646567 ..:.....Managed.
0x003afcc8: 0145c2e3 00000000 00000007 0000000f ..E.............
0x003afcd8: 0145c2f0 00ef3264 6f6e6f4d 6e6f6d2f ..E.d2..Mono/mon
0x003afce8: 6c642e6f 0100006c 0000000d 0000000f o.dll...........
0x003afcf8: 03041af0 00000000 00000000 003afd1c ..............:.
0x003afd08: 014274e8 01050000 00000000 006d3e30 .tB.........0>m.
0x003afd18: 00000001 003afdac 01458e10 01050000 ......:...E.....
0x003afd28: 00000000 006d3e30 00000001 1d9c8bca ....0>m.........
0x003afd38: 00000000 00000000 fffde000 00000044 ............D...
0x003afd48: 006d2636 006d2616 006d25aa 00000000 6&m..&m..%m.....
0x003afd58: 00000000 00000000 00000000 00000000 ................
0x003afd68: 00000000 00000000 00000001 00000001 ................
0x003afd78: 00000000 00000000 003afda8 0146a184 ..........:...F.
0x003afd88: c0000005 00000000 00000000 003afd34 ............4.:.
0x003afd98: 003ae1a0 003afde8 0145a5e0 1c338ea6 ..:...:...E...3.
0x003afda8: 00000000 003afdb8 7652336a fffde000 ......:.j3Rv....
0x003afdb8: 003afdf8 77c79f72 fffde000 6cf27b4b ..:.r..w....K{.l
0x003afdc8: 00000000 00000000 fffde000 c0000005 ................
0x003afdd8: 765476c7 765476c7 003afdc4 003ae1a4 .vTv.vTv..:...:.
0x003afde8: ffffffff 77cb71f5 1b0e43e3 00000000 .....q.w.C......
0x003afdf8: 003afe10 77c79f45 01458e63 fffde000 ..:.E..wc.E.....
0x003afe08: 00000000 00000000 00000000 00000000 ................
0x003afe18: 01458e63 fffde000 00000000 00000000 c.E.............
0x003afe28: 00000000 00000000 00000000 00000000 ................
0x003afe38: 00000000 00000000 00000000 00000000 ................
0x003afe48: 00000000 00000000 00000000 00000000 ................
0x003afe58: 00000000 00000000 00000000 00000000 ................
0x003afe68: 00000000 00000000 00000000 00000000 ................
0x003afe78: 00000000 00000000 00000000 00000000 ................
0x003afe88: 00000000 00000000 00000000 00000000 ................
0x003afe98: 00000000 00000000 00000000 00000000 ................
0x003afea8: 00000000 00000000 00000000 00000000 ................
0x003afeb8: 00000000 00000000 00000000 00000000 ................
0x003afec8: 00000000 00000000 00000000 00000000 ................
0x003afed8: 00000000 00000000 00000000 00000000 ................
0x003afee8: 00000000 00000000 00000000 00000000 ................
0x003afef8: 00000000 00000000 00000000 00000000 ................
0x003aff08: 00000000 00000000 00000000 00000000 ................
0x003aff18: 00000000 00000000 00000000 00000000 ................
0x003aff28: 00000000 00000000 00000000 00000000 ................
0x003aff38: 00000000 00000000 00000000 00000000 ................
0x003aff48: 00000000 00000000 00000000 00000000 ................
0x003aff58: 00000000 00000000 00000000 00000000 ................
0x003aff68: 00000000 00000000 00000000 00000000 ................
0x003aff78: 00000000 00000000 00000000 00000000 ................
0x003aff88: 00000000 00000000 00000000 00000000 ................
0x003aff98: 00000000 00000000 00000000 00000000 ................
0x003affa8: 00000000 00000000 00000000 00000000 ................
0x003affb8: 00000000 00000000 00000000 00000000 ................
0x003affc8: 00000000 00000000 00000000 00000000 ................
0x003affd8: 00000000 00000000 00000000 00000000 ................
0x003affe8: 00000000 00000000 00000000 00000000 ................
0x003afff8: 00000000 00000000                   ........

Module 1
C:\Windows\system32\MSWSOCK.dll
Image Base: 0x719f0000  Image Size: 0x0003c000
File Size:  232448      File Time:  2010-11-21_135410
Version:
   Company:    Microsoft Corporation
   Product:    Microsoft® Windows® Operating System
   FileDesc:   Microsoft Windows Sockets 2.0 Service Provider
   FileVer:    6.1.7601.17514
   ProdVer:    6.1.7601.17514

Module 2
C:\Users\Sasstraliss\Documents\NetworkTest\test21.exe
Image Base: 0x01050000  Image Size: 0x00a89000
File Size:  10512896    File Time:  2013-08-27_203744
Version:
   Company:    
   Product:    
   FileDesc:   
   FileVer:    4.2.1.11687
   ProdVer:    4.2.1.11687

Module 3
C:\Windows\system32\xinput1_3.dll
Image Base: 0x00400000  Image Size: 0x00016000
File Size:  81768       File Time:  2007-04-04_195342
Version:
   Company:    Microsoft Corporation
   Product:    Microsoft® DirectX for Windows®
   FileDesc:   Microsoft Common Controller API
   FileVer:    9.18.944.0
   ProdVer:    9.18.944.0

Module 4
C:\Windows\system32\nvd3dum.dll
Image Base: 0x63610000  Image Size: 0x00bde000
File Size:  12427240    File Time:  2013-06-21_223636
Version:
   Company:    NVIDIA Corporation
   Product:    NVIDIA Windows WDDM D3D driver
   FileDesc:   NVIDIA WDDM D3D Driver, Version 320.49 
   FileVer:    9.18.13.2049
   ProdVer:    9.18.13.2049

Module 5
C:\Windows\system32\napinsp.dll
Image Base: 0x71960000  Image Size: 0x00010000
File Size:  52224       File Time:  2009-07-14_114604
Version:
   Company:    Microsoft Corporation
   Product:    Microsoft® Windows® Operating System
   FileDesc:   E-mail Naming Shim Provider
   FileVer:    6.1.7600.16385
   ProdVer:    6.1.7600.16385

Module 6
C:\Windows\System32\winrnr.dll
Image Base: 0x71930000  Image Size: 0x00008000
File Size:  20992       File Time:  2009-07-14_114620
Version:
   Company:    Microsoft Corporation
   Product:    Microsoft® Windows® Operating System
   FileDesc:   LDAP RnR Provider DLL
   FileVer:    6.1.7600.16385
   ProdVer:    6.1.7600.16385

Module 7
C:\Windows\system32\rasadhlp.dll
Image Base: 0x71920000  Image Size: 0x00006000
File Size:  11776       File Time:  2009-07-14_114614
Version:
   Company:    Microsoft Corporation
   Product:    Microsoft® Windows® Operating System
   FileDesc:   Remote Access AutoDial Helper
   FileVer:    6.1.7600.16385
   ProdVer:    6.1.7600.16385

Module 8
C:\Windows\System32\wshtcpip.dll
Image Base: 0x719e0000  Image Size: 0x00005000
File Size:  9216        File Time:  2009-07-14_114622
Version:
   Company:    Microsoft Corporation
   Product:    Microsoft® Windows® Operating System
   FileDesc:   Winsock2 Helper DLL (TL/IPv4)
   FileVer:    6.1.7600.16385
   ProdVer:    6.1.7600.16385

Module 9
C:\Windows\system32\pnrpnsp.dll
Image Base: 0x71940000  Image Size: 0x00012000
File Size:  65024       File Time:  2009-07-14_114614
Version:
   Company:    Microsoft Corporation
   Product:    Microsoft® Windows® Operating System
   FileDesc:   PNRP Name Space Provider
   FileVer:    6.1.7600.16385
   ProdVer:    6.1.7600.16385

Module 10
C:\Users\Sasstraliss\Documents\NetworkTest\test21_Data\Mono\mono.dll
Image Base: 0x10000000  Image Size: 0x0022e000
File Size:  2099712     File Time:  2013-08-27_203742
Version:
   Company:    
   Product:    
   FileDesc:   
   FileVer:    0.0.0.0
   ProdVer:    0.0.0.0

Module 11
C:\Program Files (x86)\NVIDIA Corporation\3D Vision\nvSCPAPI.dll
Image Base: 0x60d40000  Image Size: 0x0012a000
File Size:  1154832     File Time:  2013-06-21_061608
Version:
   Company:    NVIDIA Corporation
   Product:    NVIDIA GeForce 3D Vision
   FileDesc:   NVIDIA 3D Vision Control Panel API
   FileVer:    7.17.13.2049
   ProdVer:    7.17.13.2049

Module 12
C:\Windows\system32\HID.DLL
Image Base: 0x60e70000  Image Size: 0x00009000
File Size:  22016       File Time:  2009-07-14_114526
Version:
   Company:    Microsoft Corporation
   Product:    Microsoft® Windows® Operating System
   FileDesc:   Hid User Library
   FileVer:    6.1.7600.16385
   ProdVer:    6.1.7600.16385

Module 13
C:\Program Files (x86)\Online Armor\oawatch.dll
Image Base: 0x62000000  Image Size: 0x00121000
File Size:  1174488     File Time:  2013-10-16_092852
Version:
   Company:    Emsisoft GmbH
   Product:    Emsisoft Online Armor
   FileDesc:   Online Armor Component
   FileVer:    7.0.0.1866
   ProdVer:    7.0.0.1866

Module 14
C:\Windows\system32\OPENGL32.dll
Image Base: 0x658e0000  Image Size: 0x000c8000
File Size:  791552      File Time:  2009-07-14_114614
Version:
   Company:    Microsoft Corporation
   Product:    Microsoft® Windows® Operating System
   FileDesc:   OpenGL Client DLL
   FileVer:    6.1.7600.16385
   ProdVer:    6.1.7600.16385

Module 15
C:\Fraps\FRAPS32.DLL
Image Base: 0x66ed0000  Image Size: 0x00047000
File Size:  234168      File Time:  2013-02-26_170410
Version:
   Company:    Beepa P/L
   Product:    FRAPS
   FileDesc:   Fraps
   FileVer:    3.5.99.15618
   ProdVer:    3.5.99.15618

Module 16
C:\Windows\system32\CRTDLL.dll
Image Base: 0x6c240000  Image Size: 0x00027000
File Size:  149019      File Time:  2009-07-14_114508
Version:
   Company:    Microsoft Corporation
   Product:    Microsoft® Windows NT(TM) Operating System
   FileDesc:   Microsoft C Runtime Library
   FileVer:    4.0.1183.1
   ProdVer:    4.0.1183.1

Module 17
C:\Windows\system32\GLU32.dll
Image Base: 0x6d160000  Image Size: 0x00022000
File Size:  130048      File Time:  2009-07-14_114524
Version:
   Company:    Microsoft Corporation
   Product:    Microsoft® Windows® Operating System
   FileDesc:   OpenGL Utility Library DLL
   FileVer:    6.1.7600.16385
   ProdVer:    6.1.7600.16385

Module 18
C:\Windows\system32\powrprof.dll
Image Base: 0x6f640000  Image Size: 0x00025000
File Size:  145408      File Time:  2009-07-14_114614
Version:
   Company:    Microsoft Corporation
   Product:    Microsoft® Windows® Operating System
   FileDesc:   Power Profile Helper DLL
   FileVer:    6.1.7600.16385
   ProdVer:    6.1.7600.16385

Module 19
C:\Windows\system32\PROPSYS.dll
Image Base: 0x6f960000  Image Size: 0x000f5000
File Size:  988160      File Time:  2010-11-21_135410
Version:
   Company:    Microsoft Corporation
   Product:    Windows® Search
   FileDesc:   Microsoft Property System
   FileVer:    7.0.7601.17514
   ProdVer:    7.0.7601.17514

Module 20
C:\Windows\system32\d3d9.dll
Image Base: 0x6fe80000  Image Size: 0x001c3000
File Size:  1828352     File Time:  2010-11-21_135424
Version:
   Company:    Microsoft Corporation
   Product:    Microsoft® Windows® Operating System
   FileDesc:   Direct3D 9 Runtime
   FileVer:    6.1.7601.17514
   ProdVer:    6.1.7601.17514

Module 21
C:\Windows\system32\d3d8thk.dll
Image Base: 0x70050000  Image Size: 0x00006000
File Size:  11264       File Time:  2009-07-14_114510
Version:
   Company:    Microsoft Corporation
   Product:    Microsoft® Windows® Operating System
   FileDesc:   Microsoft Direct3D OS Thunk Layer
   FileVer:    6.1.7600.16385
   ProdVer:    6.1.7600.16385

Module 22
C:\Windows\system32\DDRAW.dll
Image Base: 0x70060000  Image Size: 0x000e7000
File Size:  531968      File Time:  2009-07-14_114512
Version:
   Company:    Microsoft Corporation
   Product:    Microsoft® Windows® Operating System
   FileDesc:   Microsoft DirectDraw
   FileVer:    6.1.7600.16385
   ProdVer:    6.1.7600.16385

Module 23
C:\Windows\system32\DCIMAN32.dll
Image Base: 0x70150000  Image Size: 0x00006000
File Size:  10240       File Time:  2009-07-14_114510
Version:
   Company:    Microsoft Corporation
   Product:    Microsoft® Windows® Operating System
   FileDesc:   DCI Manager
   FileVer:    6.1.7600.16385
   ProdVer:    6.1.7600.16385

Module 24
C:\Windows\system32\dwmapi.dll
Image Base: 0x706d0000  Image Size: 0x00013000
File Size:  67072       File Time:  2009-07-14_114514
Version:
   Company:    Microsoft Corporation
   Product:    Microsoft® Windows® Operating System
   FileDesc:   Microsoft Desktop Window Manager API
   FileVer:    6.1.7600.16385
   ProdVer:    6.1.7600.16385

Module 25
C:\Windows\system32\MSACM32.dll
Image Base: 0x70710000  Image Size: 0x00014000
File Size:  72192       File Time:  2009-07-14_114544
Version:
   Company:    Microsoft Corporation
   Product:    Microsoft® Windows® Operating System
   FileDesc:   Microsoft ACM Audio Filter
   FileVer:    6.1.7600.16385
   ProdVer:    6.1.7600.16385

Module 26
C:\Windows\system32\uxtheme.dll
Image Base: 0x70730000  Image Size: 0x00080000
File Size:  245760      File Time:  2009-07-14_114126
Version:
   Company:    Microsoft Corporation
   Product:    Microsoft® Windows® Operating System
   FileDesc:   Microsoft UxTheme Library
   FileVer:    6.1.7600.16385
   ProdVer:    6.1.7600.16385

Module 27
C:\Windows\WinSxS\x86_microsoft.windows.common-controls_6595b64144ccf1df_6.0.7601.17514_none_41e6975e2bd6f2b2\comctl32.dll
Image Base: 0x71740000  Image Size: 0x0019e000
File Size:  1680896     File Time:  2010-11-21_135356
Version:
   Company:    Microsoft Corporation
   Product:    Microsoft® Windows® Operating System
   FileDesc:   User Experience Controls Library
   FileVer:    6.10.7601.17514
   ProdVer:    6.1.7601.17514

Module 28
C:\Windows\system32\NLAapi.dll
Image Base: 0x71c20000  Image Size: 0x00010000
File Size:  52224       File Time:  2012-01-13_174204
Version:
   Company:    Microsoft Corporation
   Product:    Microsoft® Windows® Operating System
   FileDesc:   Network Location Awareness 2
   FileVer:    6.1.7601.17761
   ProdVer:    6.1.7601.17761

Module 29
C:\Program Files (x86)\TeamViewer\Version8\tv_w32.dll
Image Base: 0x72c30000  Image Size: 0x0001a000
File Size:  95584       File Time:  2013-10-01_223544
Version:
   Company:    TeamViewer GmbH
   Product:    TeamViewer Remote Control
   FileDesc:   TeamViewer 8
   FileVer:    8.0.22298.0
   ProdVer:    8.0.0.0

Module 30
C:\Windows\system32\midimap.dll
Image Base: 0x72ca0000  Image Size: 0x00007000
File Size:  16896       File Time:  2009-07-14_114542
Version:
   Company:    Microsoft Corporation
   Product:    Microsoft® Windows® Operating System
   FileDesc:   Microsoft MIDI Mapper
   FileVer:    6.1.7600.16385
   ProdVer:    6.1.7600.16385

Module 31
C:\Windows\system32\msacm32.drv
Image Base: 0x72cb0000  Image Size: 0x00008000
File Size:  20992       File Time:  2009-07-14_114410
Version:
   Company:    Microsoft Corporation
   Product:    Microsoft® Windows® Operating System
   FileDesc:   Microsoft Sound Mapper
   FileVer:    6.1.7600.16385
   ProdVer:    6.1.7600.16385

Module 32
C:\Windows\system32\AUDIOSES.DLL
Image Base: 0x72cc0000  Image Size: 0x00036000
File Size:  195584      File Time:  2010-11-21_135356
Version:
   Company:    Microsoft Corporation
   Product:    Microsoft® Windows® Operating System
   FileDesc:   Audio Session
   FileVer:    6.1.7601.17514
   ProdVer:    6.1.7601.17514

Module 33
C:\Windows\system32\wdmaud.drv
Image Base: 0x72d00000  Image Size: 0x00030000
File Size:  172032      File Time:  2010-11-21_135402
Version:
   Company:    Microsoft Corporation
   Product:    Microsoft® Windows® Operating System
   FileDesc:   Winmm  audio system driver
   FileVer:    6.1.7601.17514
   ProdVer:    6.1.7601.17514

Module 34
C:\Windows\system32\AVRT.dll
Image Base: 0x72d30000  Image Size: 0x00007000
File Size:  14336       File Time:  2009-07-14_114500
Version:
   Company:    Microsoft Corporation
   Product:    Microsoft® Windows® Operating System
   FileDesc:   Multimedia Realtime Runtime
   FileVer:    6.1.7600.16385
   ProdVer:    6.1.7600.16385

Module 35
C:\Windows\system32\ksuser.dll
Image Base: 0x72d40000  Image Size: 0x00004000
File Size:  4608        File Time:  2009-07-14_114536
Version:
   Company:    Microsoft Corporation
   Product:    Microsoft® Windows® Operating System
   FileDesc:   User CSA Library
   FileVer:    6.1.7600.16385
   ProdVer:    6.1.7600.16385

Module 36
C:\Windows\system32\MMDevAPI.DLL
Image Base: 0x72d50000  Image Size: 0x00039000
File Size:  213504      File Time:  2010-11-21_135352
Version:
   Company:    Microsoft Corporation
   Product:    Microsoft® Windows® Operating System
   FileDesc:   MMDevice API
   FileVer:    6.1.7601.17514
   ProdVer:    6.1.7601.17514

Module 37
C:\Windows\system32\dsound.dll
Image Base: 0x73860000  Image Size: 0x00072000
File Size:  453632      File Time:  2009-07-14_114514
Version:
   Company:    Microsoft Corporation
   Product:    Microsoft® Windows® Operating System
   FileDesc:   DirectSound
   FileVer:    6.1.7600.16385
   ProdVer:    6.1.7600.16385

Module 38
C:\Windows\system32\webio.dll
Image Base: 0x73ee0000  Image Size: 0x0004f000
File Size:  314880      File Time:  2011-11-17_160504
Version:
   Company:    Microsoft Corporation
   Product:    Microsoft® Windows® Operating System
   FileDesc:   Web Transfer Protocols API
   FileVer:    6.1.7601.17725
   ProdVer:    6.1.7601.17725

Module 39
C:\Windows\system32\WINHTTP.dll
Image Base: 0x73f30000  Image Size: 0x00058000
File Size:  351232      File Time:  2010-11-21_135410
Version:
   Company:    Microsoft Corporation
   Product:    Microsoft® Windows® Operating System
   FileDesc:   Windows HTTP Services
   FileVer:    6.1.7601.17514
   ProdVer:    6.1.7601.17514

Module 40
C:\Windows\System32\fwpuclnt.dll
Image Base: 0x74320000  Image Size: 0x00038000
File Size:  216576      File Time:  2010-11-21_135410
Version:
   Company:    Microsoft Corporation
   Product:    Microsoft® Windows® Operating System
   FileDesc:   FWP/IPsec User-Mode API
   FileVer:    6.1.7601.17514
   ProdVer:    6.1.7601.17514

Module 41
C:\Windows\system32\DNSAPI.dll
Image Base: 0x75190000  Image Size: 0x00044000
File Size:  270336      File Time:  2011-03-03_160802
Version:
   Company:    Microsoft Corporation
   Product:    Microsoft® Windows® Operating System
   FileDesc:   DNS Client API DLL
   FileVer:    6.1.7601.17570
   ProdVer:    6.1.7601.17570

Module 42
C:\Windows\system32\WINNSI.DLL
Image Base: 0x751e0000  Image Size: 0x00007000
File Size:  16896       File Time:  2009-07-14_114620
Version:
   Company:    Microsoft Corporation
   Product:    Microsoft® Windows® Operating System
   FileDesc:   Network Store Information RPC interface
   FileVer:    6.1.7600.16385
   ProdVer:    6.1.7600.16385

Module 43
C:\Windows\system32\IPHLPAPI.DLL
Image Base: 0x751f0000  Image Size: 0x0001c000
File Size:  103936      File Time:  2010-11-21_135434
Version:
   Company:    Microsoft Corporation
   Product:    Microsoft® Windows® Operating System
   FileDesc:   IP Helper API
   FileVer:    6.1.7601.17514
   ProdVer:    6.1.7601.17514

Module 44
C:\Windows\system32\WINMM.dll
Image Base: 0x75310000  Image Size: 0x00032000
File Size:  194048      File Time:  2010-11-21_135418
Version:
   Company:    Microsoft Corporation
   Product:    Microsoft® Windows® Operating System
   FileDesc:   MCI API DLL
   FileVer:    6.1.7601.17514
   ProdVer:    6.1.7601.17514

Module 45
C:\Windows\system32\olepro32.dll
Image Base: 0x75350000  Image Size: 0x00019000
File Size:  90112       File Time:  2010-11-21_135404
Version:
   Company:    Microsoft Corporation
   Product:    
   FileDesc:   
   FileVer:    6.1.7601.17514
   ProdVer:    6.1.7601.17514

Module 46
C:\Windows\system32\wsock32.dll
Image Base: 0x75370000  Image Size: 0x00007000
File Size:  15360       File Time:  2009-07-14_114622
Version:
   Company:    Microsoft Corporation
   Product:    Microsoft® Windows® Operating System
   FileDesc:   Windows Socket 32-Bit DLL
   FileVer:    6.1.7600.16385
   ProdVer:    6.1.7600.16385

Module 47
C:\Windows\system32\wtsapi32.dll
Image Base: 0x753e0000  Image Size: 0x0000d000
File Size:  40448       File Time:  2010-11-21_135356
Version:
   Company:    Microsoft Corporation
   Product:    Microsoft® Windows® Operating System
   FileDesc:   Windows Remote Desktop Session Host Server SDK APIs
   FileVer:    6.1.7601.17514
   ProdVer:    6.1.7601.17514

Module 48
C:\Windows\system32\VERSION.dll
Image Base: 0x755b0000  Image Size: 0x00009000
File Size:  21504       File Time:  2009-07-14_114618
Version:
   Company:    Microsoft Corporation
   Product:    Microsoft® Windows® Operating System
   FileDesc:   Version Checking and File Installation Libraries
   FileVer:    6.1.7600.16385
   ProdVer:    6.1.7600.16385

Module 49
C:\Windows\syswow64\CRYPTBASE.dll
Image Base: 0x75680000  Image Size: 0x0000c000
File Size:  36864       File Time:  2009-07-14_114508
Version:
   Company:    Microsoft Corporation
   Product:    Microsoft® Windows® Operating System
   FileDesc:   Base cryptographic API DLL
   FileVer:    6.1.7600.16385
   ProdVer:    6.1.7600.16385

Module 50
C:\Windows\syswow64\SspiCli.dll
Image Base: 0x75690000  Image Size: 0x00060000
File Size:  96768       File Time:  2012-08-25_032336
Version:
   Company:    Microsoft Corporation
   Product:    Microsoft® Windows® Operating System
   FileDesc:   Security Support Provider Interface
   FileVer:    6.1.7601.17940
   ProdVer:    6.1.7601.17940

Module 51
C:\Windows\syswow64\SHELL32.dll
Image Base: 0x756f0000  Image Size: 0x00c4a000
File Size:  12872704    File Time:  2013-07-26_122600
Version:
   Company:    Microsoft Corporation
   Product:    Microsoft® Windows® Operating System
   FileDesc:   Windows Shell Common Dll
   FileVer:    6.1.7601.18222
   ProdVer:    6.1.7601.18222

Module 52
C:\Windows\syswow64\imagehlp.dll
Image Base: 0x76340000  Image Size: 0x0002a000
File Size:  159232      File Time:  2012-03-01_160324
Version:
   Company:    Microsoft Corporation
   Product:    Microsoft® Windows® Operating System
   FileDesc:   Windows NT Image Helper
   FileVer:    6.1.7601.17787
   ProdVer:    6.1.7601.17787

Module 53
C:\Windows\syswow64\ADVAPI32.dll
Image Base: 0x76370000  Image Size: 0x000a0000
File Size:  640512      File Time:  2010-11-21_135430
Version:
   Company:    Microsoft Corporation
   Product:    Microsoft® Windows® Operating System
   FileDesc:   Advanced Windows 32 Base API
   FileVer:    6.1.7601.17514
   ProdVer:    6.1.7601.17514

Module 54
C:\Windows\syswow64\CFGMGR32.dll
Image Base: 0x76470000  Image Size: 0x00027000
File Size:  145920      File Time:  2011-05-24_210940
Version:
   Company:    Microsoft Corporation
   Product:    Microsoft® Windows® Operating System
   FileDesc:   Configuration Manager DLL
   FileVer:    6.1.7601.17621
   ProdVer:    6.1.7601.17621

Module 55
C:\Windows\syswow64\kernel32.dll
Image Base: 0x76510000  Image Size: 0x00110000
File Size:  1114112     File Time:  2013-08-02_122042
Version:
   Company:    Microsoft Corporation
   Product:    Microsoft® Windows® Operating System
   FileDesc:   Windows NT BASE API Client DLL
   FileVer:    6.1.7601.18229
   ProdVer:    6.1.7601.18229

Module 56
C:\Windows\syswow64\ole32.dll
Image Base: 0x767e0000  Image Size: 0x0015c000
File Size:  1414144     File Time:  2010-11-21_135402
Version:
   Company:    Microsoft Corporation
   Product:    Microsoft® Windows® Operating System
   FileDesc:   Microsoft OLE for Windows
   FileVer:    6.1.7601.17514
   ProdVer:    6.1.7601.17514

Module 57
C:\Windows\syswow64\NSI.dll
Image Base: 0x76940000  Image Size: 0x00006000
File Size:  8704        File Time:  2009-07-14_114612
Version:
   Company:    Microsoft Corporation
   Product:    Microsoft® Windows® Operating System
   FileDesc:   NSI User-mode interface DLL
   FileVer:    6.1.7600.16385
   ProdVer:    6.1.7600.16385

Module 58
C:\Windows\syswow64\WS2_32.dll
Image Base: 0x76950000  Image Size: 0x00035000
File Size:  206848      File Time:  2010-11-21_135356
Version:
   Company:    Microsoft Corporation
   Product:    Microsoft® Windows® Operating System
   FileDesc:   Windows Socket 2.0 32-Bit DLL
   FileVer:    6.1.7601.17514
   ProdVer:    6.1.7601.17514

Module 59
C:\Windows\SysWOW64\sechost.dll
Image Base: 0x76bc0000  Image Size: 0x00019000
File Size:  92160       File Time:  2009-07-14_114614
Version:
   Company:    Microsoft Corporation
   Product:    Microsoft® Windows® Operating System
   FileDesc:   Host for SCM/SDDL/LSA Lookup APIs
   FileVer:    6.1.7600.16385
   ProdVer:    6.1.7600.16385

Module 60
C:\Windows\syswow64\SHLWAPI.dll
Image Base: 0x76be0000  Image Size: 0x00057000
File Size:  350208      File Time:  2010-11-21_135350
Version:
   Company:    Microsoft Corporation
   Product:    Microsoft® Windows® Operating System
   FileDesc:   Shell Light-weight Utility Library
   FileVer:    6.1.7601.17514
   ProdVer:    6.1.7601.17514

Module 61
C:\Windows\syswow64\msvcrt.dll
Image Base: 0x76c40000  Image Size: 0x000ac000
File Size:  690688      File Time:  2011-12-16_182300
Version:
   Company:    Microsoft Corporation
   Product:    Microsoft® Windows® Operating System
   FileDesc:   Windows NT CRT DLL
   FileVer:    7.0.7601.17744
   ProdVer:    6.1.8638.17744

Module 62
C:\Windows\syswow64\IMM32.dll
Image Base: 0x76cf0000  Image Size: 0x00060000
File Size:  119808      File Time:  2010-11-21_135426
Version:
   Company:    Microsoft Corporation
   Product:    Microsoft® Windows® Operating System
   FileDesc:   Multi-User Windows IMM32 API Client DLL
   FileVer:    6.1.7601.17514
   ProdVer:    6.1.7601.17514

Module 63
C:\Windows\syswow64\SETUPAPI.dll
Image Base: 0x76d50000  Image Size: 0x0019d000
File Size:  1667584     File Time:  2010-11-21_135352
Version:
   Company:    Microsoft Corporation
   Product:    Microsoft® Windows® Operating System
   FileDesc:   Windows Setup API
   FileVer:    6.1.7601.17514
   ProdVer:    6.1.7601.17514

Module 64
C:\Windows\syswow64\LPK.dll
Image Base: 0x76ef0000  Image Size: 0x0000a000
File Size:  25600       File Time:  2009-07-14_114124
Version:
   Company:    Microsoft Corporation
   Product:    Microsoft® Windows® Operating System
   FileDesc:   Language Pack
   FileVer:    6.1.7600.16385
   ProdVer:    6.1.7600.16385

Module 65
C:\Windows\syswow64\MSASN1.dll
Image Base: 0x76f00000  Image Size: 0x0000c000
File Size:  34304       File Time:  2010-11-21_135350
Version:
   Company:    Microsoft Corporation
   Product:    Microsoft® Windows® Operating System
   FileDesc:   ASN.1 Runtime APIs
   FileVer:    6.1.7601.17514
   ProdVer:    6.1.7601.17514

Module 66
C:\Windows\syswow64\DEVOBJ.dll
Image Base: 0x76fa0000  Image Size: 0x00012000
File Size:  64512       File Time:  2011-05-24_211006
Version:
   Company:    Microsoft Corporation
   Product:    Microsoft® Windows® Operating System
   FileDesc:   Device Information Set DLL
   FileVer:    6.1.7601.17621
   ProdVer:    6.1.7601.17621

Module 67
C:\Windows\syswow64\OLEAUT32.dll
Image Base: 0x76fc0000  Image Size: 0x0008f000
File Size:  571904      File Time:  2011-08-27_145628
Version:
   Company:    Microsoft Corporation
   Product:    
   FileDesc:   
   FileVer:    6.1.7601.17676
   ProdVer:    6.1.7601.17676

Module 68
C:\Windows\syswow64\USP10.dll
Image Base: 0x77050000  Image Size: 0x0009d000
File Size:  626688      File Time:  2012-11-22_151504
Version:
   Company:    Microsoft Corporation
   Product:    Microsoft(R) Uniscribe Unicode script processor
   FileDesc:   Uniscribe Unicode script processor
   FileVer:    1.626.7601.18009
   ProdVer:    1.626.7601.18009

Module 69
C:\Windows\syswow64\CLBCatQ.DLL
Image Base: 0x77180000  Image Size: 0x00083000
File Size:  522240      File Time:  2009-07-14_114504
Version:
   Company:    Microsoft Corporation
   Product:    Microsoft® Windows® Operating System
   FileDesc:   COM+ Configuration Catalog
   FileVer:    2001.12.8530.16385
   ProdVer:    6.1.7600.16385

Module 70
C:\Windows\syswow64\USER32.dll
Image Base: 0x77210000  Image Size: 0x00100000
File Size:  833024      File Time:  2010-11-21_135422
Version:
   Company:    Microsoft Corporation
   Product:    Microsoft® Windows® Operating System
   FileDesc:   Multi-User Windows USER API Client DLL
   FileVer:    6.1.7601.17514
   ProdVer:    6.1.7601.17514

Module 71
C:\Windows\syswow64\WINTRUST.dll
Image Base: 0x77440000  Image Size: 0x0002e000
File Size:  175104      File Time:  2013-07-09_152212
Version:
   Company:    Microsoft Corporation
   Product:    Microsoft® Windows® Operating System
   FileDesc:   Microsoft Trust Verification APIs
   FileVer:    6.1.7601.18205
   ProdVer:    6.1.7601.18205

Module 72
C:\Windows\syswow64\psapi.dll
Image Base: 0x77470000  Image Size: 0x00005000
File Size:  6144        File Time:  2009-07-14_114614
Version:
   Company:    Microsoft Corporation
   Product:    Microsoft® Windows® Operating System
   FileDesc:   Process Status Helper
   FileVer:    6.1.7600.16385
   ProdVer:    6.1.7600.16385

Module 73
C:\Windows\syswow64\GDI32.dll
Image Base: 0x77480000  Image Size: 0x00090000
File Size:  311296      File Time:  2010-11-21_135416
Version:
   Company:    Microsoft Corporation
   Product:    Microsoft® Windows® Operating System
   FileDesc:   GDI Client DLL
   FileVer:    6.1.7601.17514
   ProdVer:    6.1.7601.17514

Module 74
C:\Windows\syswow64\KERNELBASE.dll
Image Base: 0x77510000  Image Size: 0x00047000
File Size:  274944      File Time:  2013-08-02_122044
Version:
   Company:    Microsoft Corporation
   Product:    Microsoft® Windows® Operating System
   FileDesc:   Windows NT BASE API Client DLL
   FileVer:    6.1.7601.18229
   ProdVer:    6.1.7601.18229

Module 75
C:\Windows\syswow64\CRYPT32.dll
Image Base: 0x77560000  Image Size: 0x00120000
File Size:  1166848     File Time:  2013-07-09_151632
Version:
   Company:    Microsoft Corporation
   Product:    Microsoft® Windows® Operating System
   FileDesc:   Crypto API32
   FileVer:    6.1.7601.18205
   ProdVer:    6.1.7601.18205

Module 76
C:\Windows\syswow64\MSCTF.dll
Image Base: 0x77680000  Image Size: 0x000cc000
File Size:  828928      File Time:  2009-07-14_114544
Version:
   Company:    Microsoft Corporation
   Product:    Microsoft® Windows® Operating System
   FileDesc:   MSCTF Server DLL
   FileVer:    6.1.7600.16385
   ProdVer:    6.1.7600.16385

Module 77
C:\Windows\syswow64\RPCRT4.dll
Image Base: 0x77750000  Image Size: 0x000f0000
File Size:  663552      File Time:  2013-07-09_152234
Version:
   Company:    Microsoft Corporation
   Product:    Microsoft® Windows® Operating System
   FileDesc:   Remote Procedure Call Runtime
   FileVer:    6.1.7601.18205
   ProdVer:    6.1.7601.18205

Module 78
C:\Windows\SysWOW64\ntdll.dll
Image Base: 0x77c40000  Image Size: 0x00180000
File Size:  1292192     File Time:  2013-08-02_122124
Version:
   Company:    Microsoft Corporation
   Product:    Microsoft® Windows® Operating System
   FileDesc:   NT Layer DLL
   FileVer:    6.1.7601.18229
   ProdVer:    6.1.7601.18229


== [end of error.log] ==
